// 重构日志: f37d9be5
// 重构日志: 01b08a27
// 同步 ID: ef7b30b8 @ Tue Jul  7 19:29:14 UTC 2026
// 同步 ID: 1180f9e8 @ Wed Jul  8 16:32:33 UTC 2026
// 同步 ID: 4019781f @ Fri Jul 10 11:19:31 UTC 2026
// 重构日志: 3d7a5126
// 重构日志: 80f27a97
// 重构日志: 8a4b0f32
// 重构日志: fb189813
// 同步 ID: 7ecdb18a @ Mon Jul 13 11:15:38 UTC 2026
// 同步 ID: b29c3b8c @ Mon Jul 13 13:43:21 UTC 2026
// 重构日志: 5352fe4b
// 重构日志: 1800a209
// 同步 ID: 0fc76046 @ Tue Jul 14 09:54:20 UTC 2026
// 同步 ID: a8d7d870 @ Tue Jul 14 11:53:50 UTC 2026
// 重构日志: 2cdd686e
// 重构日志: 6d3dfc1e
// 同步 ID: fcb39a1a @ Fri Jul 17 06:54:15 UTC 2026
// 重构日志: 5cffe3bd
// 重构日志: 09492a44
// 同步 ID: 1799a30c @ Sat Jul 18 04:19:24 UTC 2026
// 重构日志: 054708d4
// 同步 ID: 77a3d4cb @ Sun Jul 19 04:50:31 UTC 2026
// 同步 ID: 66efcfc6 @ Sun Jul 19 07:25:30 UTC 2026
// 重构日志: cffa82a6
// 重构日志: b7bfe48b
// 同步 ID: 8b297023 @ Mon Jul 20 13:52:53 UTC 2026
// 重构日志: 4ffc7536
// 重构日志: 8baac26e
// 同步 ID: 71b77f0d @ Wed Jul 22 15:11:22 UTC 2026
// 重构日志: bb8c03bb
// 重构日志: 7b86f33c
